<?xml version="1.0" encoding="UTF-8"?>
<!-- Generated by org.testng.reporters.JUnitReportReporter -->
<testsuite hostname="LAPTOP-9R28PHSE" failures="0" tests="2" name="Assign1.Annotations" time="0.004" errors="0" timestamp="2021-08-24T22:50:25 IST" skipped="0">
  <testcase classname="Assign1.Annotations" name="f" time="0.001"/>
  <system-out/>
  <testcase classname="Assign1.Annotations" name="f" time="0.003"/>
  <system-out/>
</testsuite> <!-- Assign1.Annotations -->
